###############################################################
#  Generated by:      Cadence Innovus 19.17-s077_1
#  OS:                Linux x86_64(Host ID ieng6-ece-20.ucsd.edu)
#  Generated on:      Mon Mar 14 17:44:15 2022
#  Design:            fullchip
#  Command:           verifyGeometry
###############################################################

SHORT: Regular Via of Net core_instance/mac_array_instance/col_idx_8__mac_col_inst/mac_16in_instance/n278 & Blockage of Cell core_instance/mac_array_instance/col_idx_8__mac_col_inst/mac_16in_instance/U899  ( M1 )
Bounds : ( 612.050, 669.110 ) ( 612.150, 669.530 )


SHORT: Regular Via of Net core_instance/mac_array_instance/col_idx_7__mac_col_inst/mac_16in_instance/n1913 & Blockage of Cell core_instance/mac_array_instance/col_idx_7__mac_col_inst/mac_16in_instance/U1423  ( M1 )
Bounds : ( 540.010, 556.450 ) ( 540.190, 556.550 )


SHORT: Regular Via of Net core_instance/mac_array_instance/col_idx_7__mac_col_inst/mac_16in_instance/n2648 & Blockage of Cell core_instance/mac_array_instance/col_idx_7__mac_col_inst/mac_16in_instance/U2608  ( M1 )
Bounds : ( 504.010, 534.850 ) ( 504.190, 534.950 )


SHORT: Regular Via of Net core_instance/mac_array_instance/col_idx_7__mac_col_inst/mac_16in_instance/n2172 & Blockage of Cell core_instance/mac_array_instance/col_idx_7__mac_col_inst/mac_16in_instance/U2419  ( M1 )
Bounds : ( 468.650, 642.310 ) ( 468.750, 642.490 )


SHORT: Regular Via of Net core_instance/mac_array_instance/col_idx_7__mac_col_inst/mac_16in_instance/n1789 & Blockage of Cell core_instance/mac_array_instance/col_idx_7__mac_col_inst/mac_16in_instance/U478  ( M1 )
Bounds : ( 468.250, 624.510 ) ( 468.350, 624.930 )


SHORT: Regular Via of Net core_instance/mac_array_instance/col_idx_7__mac_col_inst/mac_16in_instance/n640 & Blockage of Cell core_instance/mac_array_instance/col_idx_7__mac_col_inst/mac_16in_instance/U1846  ( M1 )
Bounds : ( 432.850, 581.510 ) ( 432.950, 581.930 )


SHORT: Regular Via of Net core_instance/mac_array_instance/col_idx_7__mac_col_inst/mac_16in_instance/n31 & Blockage of Cell core_instance/mac_array_instance/col_idx_7__mac_col_inst/mac_16in_instance/U847  ( M1 )
Bounds : ( 432.450, 606.870 ) ( 432.550, 607.290 )


SHORT: Regular Via of Net core_instance/mac_array_instance/col_idx_6__mac_col_inst/mac_16in_instance/n2269 & Blockage of Cell core_instance/mac_array_instance/col_idx_6__mac_col_inst/mac_16in_instance/FE_RC_14112_0  ( M1 )
Bounds : ( 275.250, 612.070 ) ( 275.350, 612.490 )


SHORT: Regular Via of Net core_instance/mac_array_instance/col_idx_6__mac_col_inst/mac_16in_instance/FE_RN_2084_0 & Blockage of Cell core_instance/mac_array_instance/col_idx_6__mac_col_inst/mac_16in_instance/FE_RC_2996_0  ( M1 )
Bounds : ( 281.850, 612.110 ) ( 281.950, 612.290 )


SHORT: Regular Via of Net core_instance/mac_array_instance/col_idx_8__mac_col_inst/mac_16in_instance/n2380 & Blockage of Cell core_instance/mac_array_instance/col_idx_8__mac_col_inst/mac_16in_instance/FE_RC_21846_0  ( M1 )
Bounds : ( 614.210, 516.815 ) ( 614.390, 516.915 )


SHORT: Regular Via of Net core_instance/mac_array_instance/col_idx_5__mac_col_inst/mac_16in_instance/n2785 & Blockage of Cell core_instance/mac_array_instance/col_idx_5__mac_col_inst/mac_16in_instance/U799  ( M1 )
Bounds : ( 324.010, 491.650 ) ( 324.190, 491.750 )


SHORT: Regular Via of Net core_instance/mac_array_instance/col_idx_4__mac_col_inst/mac_16in_instance/n2314 & Blockage of Cell core_instance/mac_array_instance/col_idx_4__mac_col_inst/mac_16in_instance/U1584  ( M1 )
Bounds : ( 180.250, 431.870 ) ( 180.350, 432.290 )


SHORT: Regular Via of Net core_instance/mac_array_instance/col_idx_4__mac_col_inst/mac_16in_instance/n1923 & Blockage of Cell core_instance/mac_array_instance/col_idx_4__mac_col_inst/mac_16in_instance/U2314  ( M1 )
Bounds : ( 236.250, 435.710 ) ( 236.350, 435.890 )


SHORT: Regular Via of Net core_instance/mac_array_instance/col_idx_4__mac_col_inst/mac_16in_instance/n90 & Blockage of Cell core_instance/mac_array_instance/col_idx_4__mac_col_inst/mac_16in_instance/U1013  ( M1 )
Bounds : ( 289.210, 432.400 ) ( 289.390, 432.500 )


SHORT: Regular Via of Net core_instance/mac_array_instance/col_idx_3__mac_col_inst/mac_16in_instance/n1248 & Blockage of Cell core_instance/mac_array_instance/col_idx_3__mac_col_inst/mac_16in_instance/FE_RC_13607_0  ( M1 )
Bounds : ( 344.450, 352.710 ) ( 344.550, 352.890 )


SHORT: Regular Via of Net core_instance/mac_array_instance/col_idx_4__mac_col_inst/mac_16in_instance/FE_RN_15 & Blockage of Cell core_instance/mac_array_instance/col_idx_4__mac_col_inst/mac_16in_instance/U1528_dup1  ( M1 )
Bounds : ( 252.010, 452.020 ) ( 252.190, 452.120 )


SHORT: Regular Via of Net core_instance/mac_array_instance/col_idx_8__mac_col_inst/mac_16in_instance/n1181 & Blockage of Cell core_instance/mac_array_instance/col_idx_8__mac_col_inst/mac_16in_instance/U2224  ( M1 )
Bounds : ( 649.450, 642.310 ) ( 649.550, 642.490 )


SHORT: Regular Via of Net core_instance/mac_array_instance/col_idx_8__mac_col_inst/mac_16in_instance/n1300 & Blockage of Cell core_instance/mac_array_instance/col_idx_8__mac_col_inst/mac_16in_instance/FE_RC_3873_0  ( M1 )
Bounds : ( 595.850, 615.710 ) ( 595.950, 615.890 )


SHORT: Regular Via of Net core_instance/mac_array_instance/col_idx_3__mac_col_inst/n23 & Blockage of Cell core_instance/mac_array_instance/col_idx_3__mac_col_inst/U3  ( M1 )
Bounds : ( 379.210, 261.350 ) ( 379.390, 261.450 )


SHORT: Regular Via of Net core_instance/mac_array_instance/col_idx_2__mac_col_inst/mac_16in_instance/n2710 & Blockage of Cell core_instance/mac_array_instance/col_idx_2__mac_col_inst/mac_16in_instance/U307  ( M1 )
Bounds : ( 372.450, 179.870 ) ( 372.550, 180.290 )


SHORT: Regular Via of Net core_instance/mac_array_instance/col_idx_2__mac_col_inst/mac_16in_instance/n2539 & Blockage of Cell core_instance/mac_array_instance/col_idx_2__mac_col_inst/mac_16in_instance/U6  ( M1 )
Bounds : ( 432.010, 207.250 ) ( 432.190, 207.350 )


SHORT: Regular Via of Net core_instance/mac_array_instance/col_idx_3__mac_col_inst/mac_16in_instance/n749 & Blockage of Cell core_instance/mac_array_instance/col_idx_3__mac_col_inst/mac_16in_instance/FE_RC_20571_0  ( M1 )
Bounds : ( 344.810, 325.500 ) ( 344.990, 325.600 )


SHORT: Regular Via of Net core_instance/mac_array_instance/col_idx_3__mac_col_inst/mac_16in_instance/n112 & Blockage of Cell core_instance/mac_array_instance/col_idx_3__mac_col_inst/mac_16in_instance/U931  ( M1 )
Bounds : ( 189.850, 324.070 ) ( 189.950, 324.490 )


SHORT: Regular Via of Net core_instance/mac_array_instance/col_idx_2__mac_col_inst/mac_16in_instance/n2658 & Blockage of Cell core_instance/mac_array_instance/col_idx_2__mac_col_inst/mac_16in_instance/U331  ( M1 )
Bounds : ( 330.250, 180.070 ) ( 330.350, 180.490 )


SHORT: Regular Via of Net core_instance/mac_array_instance/col_idx_2__mac_col_inst/mac_16in_instance/n1836 & Blockage of Cell core_instance/mac_array_instance/col_idx_2__mac_col_inst/mac_16in_instance/U1143  ( M1 )
Bounds : ( 288.250, 217.910 ) ( 288.350, 218.090 )


SHORT: Regular Via of Net core_instance/mac_array_instance/col_idx_2__mac_col_inst/mac_16in_instance/n804 & Blockage of Cell core_instance/mac_array_instance/col_idx_2__mac_col_inst/mac_16in_instance/FE_RC_19380_0  ( M1 )
Bounds : ( 289.050, 199.910 ) ( 289.150, 200.090 )


SHORT: Regular Via of Net core_instance/mac_array_instance/col_idx_2__mac_col_inst/mac_16in_instance/n287 & Blockage of Cell core_instance/mac_array_instance/col_idx_2__mac_col_inst/mac_16in_instance/FE_RC_8217_0  ( M1 )
Bounds : ( 288.450, 174.510 ) ( 288.550, 174.690 )


SHORT: Regular Via of Net core_instance/mac_array_instance/col_idx_1__mac_col_inst/mac_16in_instance/n2027 & Blockage of Cell core_instance/mac_array_instance/col_idx_1__mac_col_inst/mac_16in_instance/U1319  ( M1 )
Bounds : ( 360.010, 50.250 ) ( 360.190, 50.350 )


SHORT: Regular Via of Net core_instance/mac_array_instance/col_idx_1__mac_col_inst/mac_16in_instance/n2252 & Blockage of Cell core_instance/mac_array_instance/col_idx_1__mac_col_inst/mac_16in_instance/U1291  ( M1 )
Bounds : ( 253.050, 124.110 ) ( 253.150, 124.530 )


SHORT: Regular Via of Net core_instance/mac_array_instance/col_idx_1__mac_col_inst/mac_16in_instance/n2048 & Blockage of Cell core_instance/mac_array_instance/col_idx_1__mac_col_inst/mac_16in_instance/U1872  ( M1 )
Bounds : ( 347.250, 36.010 ) ( 347.350, 36.430 )


SHORT: Regular Via of Net core_instance/mac_array_instance/col_idx_1__mac_col_inst/mac_16in_instance/n519 & Blockage of Cell core_instance/mac_array_instance/col_idx_1__mac_col_inst/mac_16in_instance/FE_RC_5293_0  ( M1 )
Bounds : ( 252.050, 84.870 ) ( 252.150, 85.290 )



Begin Summary ...
  Cells       : 0
  SameNet     : 0
  Wiring      : 0
  Antenna     : 0
  Short       : 31
  Overlap     : 0
End Summary

  Total Violations : 31 Viols.
